e:\visual实验\文档视图结构\第十四周实验\mfc14\mfc14\debug\mfc14.pch
e:\visual实验\文档视图结构\第十四周实验\mfc14\mfc14\debug\vc140.pdb
e:\visual实验\文档视图结构\第十四周实验\mfc14\mfc14\debug\vc140.idb
e:\visual实验\文档视图结构\第十四周实验\mfc14\mfc14\debug\stdafx.obj
e:\visual实验\文档视图结构\第十四周实验\mfc14\mfc14\debug\mainfrm.obj
e:\visual实验\文档视图结构\第十四周实验\mfc14\mfc14\debug\mfc14.obj
e:\visual实验\文档视图结构\第十四周实验\mfc14\mfc14\debug\mfc14doc.obj
e:\visual实验\文档视图结构\第十四周实验\mfc14\mfc14\debug\mfc14set.obj
e:\visual实验\文档视图结构\第十四周实验\mfc14\mfc14\debug\mfc14view.obj
e:\visual实验\文档视图结构\第十四周实验\mfc14\mfc14\debug\mydlg.obj
e:\visual实验\文档视图结构\第十四周实验\mfc14\mfc14\debug\mydlg2.obj
e:\visual实验\文档视图结构\第十四周实验\mfc14\mfc14\debug\mfc14.res
e:\visual实验\文档视图结构\第十四周实验\mfc14\debug\mfc14.pdb
e:\visual实验\文档视图结构\第十四周实验\mfc14\debug\mfc14.exe
e:\visual实验\文档视图结构\第十四周实验\mfc14\debug\mfc14.ilk
e:\visual实验\文档视图结构\第十四周实验\mfc14\mfc14\debug\mfc14.tlog\cl.command.1.tlog
e:\visual实验\文档视图结构\第十四周实验\mfc14\mfc14\debug\mfc14.tlog\cl.read.1.tlog
e:\visual实验\文档视图结构\第十四周实验\mfc14\mfc14\debug\mfc14.tlog\cl.write.1.tlog
e:\visual实验\文档视图结构\第十四周实验\mfc14\mfc14\debug\mfc14.tlog\link.command.1.tlog
e:\visual实验\文档视图结构\第十四周实验\mfc14\mfc14\debug\mfc14.tlog\link.read.1.tlog
e:\visual实验\文档视图结构\第十四周实验\mfc14\mfc14\debug\mfc14.tlog\link.write.1.tlog
e:\visual实验\文档视图结构\第十四周实验\mfc14\mfc14\debug\mfc14.tlog\rc.command.1.tlog
e:\visual实验\文档视图结构\第十四周实验\mfc14\mfc14\debug\mfc14.tlog\rc.read.1.tlog
e:\visual实验\文档视图结构\第十四周实验\mfc14\mfc14\debug\mfc14.tlog\rc.write.1.tlog
